/*C16*/SET SCHEMA PUBLIC
DISCONNECT
/*C18*/SET SCHEMA PUBLIC
DISCONNECT
/*C17*/SET SCHEMA PUBLIC
DISCONNECT
/*C19*/SET SCHEMA PUBLIC
DISCONNECT
/*C20*/SET SCHEMA PUBLIC
DISCONNECT
/*C21*/SET SCHEMA PUBLIC
INSERT INTO HISTORYITEM VALUES(6,1.56000000000000000000000000000000,'19-11-2014','7:12 PM')
COMMIT
DISCONNECT
/*C22*/SET SCHEMA PUBLIC
INSERT INTO STOCKITEM VALUES(21,'Kaste',4.00000000000000000000000000000000,30,'')
COMMIT
DISCONNECT
/*C23*/SET SCHEMA PUBLIC
INSERT INTO HISTORYITEM VALUES(7,2.12000000000000000000000000000000,'19-11-2014','7:32 PM')
COMMIT
DISCONNECT
